# JRE version: OpenJDK Runtime Environment (21.0.3) (build 21.0.3+-12282718-b509.11)
# Java VM: OpenJDK 64-Bit Server VM (21.0.3+-12282718-b509.11, mixed mode, tiered, compressed oops, compressed class ptrs, g1 gc, windows-amd64)
GC Precious Log:
 CardTable entry size: 512
 Card Set container configuration: InlinePtr #cards 5 size 8 Array Of Cards #cards 12 size 40 Howl #buckets 4 coarsen threshold 1843 Howl Bitmap #cards 512 size 80 coarsen threshold 460 Card regions per heap region 1 cards per card region 2048
 CPUs: 12 total, 12 available
 Memory: 24499M
 Large Page Support: Disabled
 NUMA Support: Disabled
 Compressed Oops: Enabled (32-bit)
 Heap Region Size: 1M
 Heap Min Capacity: 8M
 Heap Initial Capacity: 384M
 Heap Max Capacity: 2G
 Pre-touch: Disabled
 Parallel Workers: 10
 Concurrent Workers: 3
 Concurrent Refinement Workers: 10
 Periodic GC: Disabled
Heap:
 garbage-first heap   total 199680K, used 154524K [0x0000000080000000, 0x0000000100000000)
  region size 1024K, 37 young (37888K), 9 survivors (9216K)
 Metaspace       used 116028K, committed 118208K, reserved 1179648K
  class space    used 15900K, committed 17024K, reserved 1048576K
GC Heap History (20 events):
Event: 5.995 GC heap before
{Heap before GC invocations=21 (full 0):
 garbage-first heap   total 157696K, used 146338K [0x0000000080000000, 0x0000000100000000)
  region size 1024K, 65 young (66560K), 4 survivors (4096K)
 Metaspace       used 89723K, committed 91584K, reserved 1179648K
  class space    used 12145K, committed 13056K, reserved 1048576K
}
Event: 5.998 GC heap after
{Heap after GC invocations=22 (full 0):
 garbage-first heap   total 157696K, used 86521K [0x0000000080000000, 0x0000000100000000)
  region size 1024K, 7 young (7168K), 7 survivors (7168K)
 Metaspace       used 89723K, committed 91584K, reserved 1179648K
  class space    used 12145K, committed 13056K, reserved 1048576K
}
Event: 6.271 GC heap before
{Heap before GC invocations=22 (full 0):
 garbage-first heap   total 157696K, used 139769K [0x0000000080000000, 0x0000000100000000)
  region size 1024K, 59 young (60416K), 7 survivors (7168K)
 Metaspace       used 92066K, committed 93952K, reserved 1179648K
  class space    used 12426K, committed 13376K, reserved 1048576K
}
Event: 6.274 GC heap after
{Heap after GC invocations=23 (full 0):
 garbage-first heap   total 157696K, used 90867K [0x0000000080000000, 0x0000000100000000)
  region size 1024K, 8 young (8192K), 8 survivors (8192K)
 Metaspace       used 92066K, committed 93952K, reserved 1179648K
  class space    used 12426K, committed 13376K, reserved 1048576K
}
Event: 6.404 GC heap before
{Heap before GC invocations=23 (full 0):
 garbage-first heap   total 157696K, used 112371K [0x0000000080000000, 0x0000000100000000)
  region size 1024K, 30 young (30720K), 8 survivors (8192K)
 Metaspace       used 93638K, committed 95616K, reserved 1179648K
  class space    used 12658K, committed 13632K, reserved 1048576K
}
Event: 6.406 GC heap after
{Heap after GC invocations=24 (full 0):
 garbage-first heap   total 157696K, used 92685K [0x0000000080000000, 0x0000000100000000)
  region size 1024K, 2 young (2048K), 2 survivors (2048K)
 Metaspace       used 93638K, committed 95616K, reserved 1179648K
  class space    used 12658K, committed 13632K, reserved 1048576K
}
Event: 6.792 GC heap before
{Heap before GC invocations=25 (full 0):
 garbage-first heap   total 162816K, used 146957K [0x0000000080000000, 0x0000000100000000)
  region size 1024K, 54 young (55296K), 2 survivors (2048K)
 Metaspace       used 97828K, committed 99776K, reserved 1179648K
  class space    used 13410K, committed 14400K, reserved 1048576K
}
Event: 6.794 GC heap after
{Heap after GC invocations=26 (full 0):
 garbage-first heap   total 162816K, used 93471K [0x0000000080000000, 0x0000000100000000)
  region size 1024K, 3 young (3072K), 3 survivors (3072K)
 Metaspace       used 97828K, committed 99776K, reserved 1179648K
  class space    used 13410K, committed 14400K, reserved 1048576K
}
Event: 7.164 GC heap before
{Heap before GC invocations=26 (full 0):
 garbage-first heap   total 162816K, used 149791K [0x0000000080000000, 0x0000000100000000)
  region size 1024K, 58 young (59392K), 3 survivors (3072K)
 Metaspace       used 102087K, committed 104128K, reserved 1179648K
  class space    used 14006K, committed 15040K, reserved 1048576K
}
Event: 7.167 GC heap after
{Heap after GC invocations=27 (full 0):
 garbage-first heap   total 195584K, used 95452K [0x0000000080000000, 0x0000000100000000)
  region size 1024K, 6 young (6144K), 6 survivors (6144K)
 Metaspace       used 102087K, committed 104128K, reserved 1179648K
  class space    used 14006K, committed 15040K, reserved 1048576K
}
Event: 7.741 GC heap before
{Heap before GC invocations=27 (full 0):
 garbage-first heap   total 195584K, used 177372K [0x0000000080000000, 0x0000000100000000)
  region size 1024K, 86 young (88064K), 6 survivors (6144K)
 Metaspace       used 109025K, committed 111104K, reserved 1179648K
  class space    used 14983K, committed 16000K, reserved 1048576K
}
Event: 7.745 GC heap after
{Heap after GC invocations=28 (full 0):
 garbage-first heap   total 195584K, used 100526K [0x0000000080000000, 0x0000000100000000)
  region size 1024K, 11 young (11264K), 11 survivors (11264K)
 Metaspace       used 109025K, committed 111104K, reserved 1179648K
  class space    used 14983K, committed 16000K, reserved 1048576K
}
Event: 8.008 GC heap before
{Heap before GC invocations=28 (full 0):
 garbage-first heap   total 195584K, used 140462K [0x0000000080000000, 0x0000000100000000)
  region size 1024K, 52 young (53248K), 11 survivors (11264K)
 Metaspace       used 111461K, committed 113472K, reserved 1179648K
  class space    used 15246K, committed 16256K, reserved 1048576K
}
Event: 8.015 GC heap after
{Heap after GC invocations=29 (full 0):
 garbage-first heap   total 195584K, used 106516K [0x0000000080000000, 0x0000000100000000)
  region size 1024K, 11 young (11264K), 11 survivors (11264K)
 Metaspace       used 111461K, committed 113472K, reserved 1179648K
  class space    used 15246K, committed 16256K, reserved 1048576K
}
Event: 8.388 GC heap before
{Heap before GC invocations=30 (full 0):
 garbage-first heap   total 195584K, used 176148K [0x0000000080000000, 0x0000000100000000)
  region size 1024K, 75 young (76800K), 11 survivors (11264K)
 Metaspace       used 114376K, committed 116544K, reserved 1179648K
  class space    used 15596K, committed 16640K, reserved 1048576K
}
Event: 8.395 GC heap after
{Heap after GC invocations=31 (full 0):
 garbage-first heap   total 195584K, used 112211K [0x0000000080000000, 0x0000000100000000)
  region size 1024K, 7 young (7168K), 7 survivors (7168K)
 Metaspace       used 114376K, committed 116544K, reserved 1179648K
  class space    used 15596K, committed 16640K, reserved 1048576K
}
Event: 8.721 GC heap before
{Heap before GC invocations=31 (full 0):
 garbage-first heap   total 195584K, used 175699K [0x0000000080000000, 0x0000000100000000)
  region size 1024K, 70 young (71680K), 7 survivors (7168K)
 Metaspace       used 115402K, committed 117568K, reserved 1179648K
  class space    used 15790K, committed 16896K, reserved 1048576K
}
Event: 8.726 GC heap after
{Heap after GC invocations=32 (full 0):
 garbage-first heap   total 195584K, used 114258K [0x0000000080000000, 0x0000000100000000)
  region size 1024K, 6 young (6144K), 6 survivors (6144K)
 Metaspace       used 115402K, committed 117568K, reserved 1179648K
  class space    used 15790K, committed 16896K, reserved 1048576K
}
Event: 8.850 GC heap before
{Heap before GC invocations=32 (full 0):
 garbage-first heap   total 195584K, used 175698K [0x0000000080000000, 0x0000000100000000)
  region size 1024K, 67 young (68608K), 6 survivors (6144K)
 Metaspace       used 116028K, committed 118208K, reserved 1179648K
  class space    used 15900K, committed 17024K, reserved 1048576K
}
Event: 8.855 GC heap after
{Heap after GC invocations=33 (full 0):
 garbage-first heap   total 195584K, used 125852K [0x0000000080000000, 0x0000000100000000)
  region size 1024K, 9 young (9216K), 9 survivors (9216K)
 Metaspace       used 116028K, committed 118208K, reserved 1179648K
  class space    used 15900K, committed 17024K, reserved 1048576K
}

